INFO:2013-05-12 02:45:34 ===>Running Judge Core<===
INFO:2013-05-12 02:45:34 socketPort:5005, DataPath:data\, TempPath:OJ_TMP\
INFO:2013-05-12 02:45:34 Init MySQL Success...
INFO:2013-05-12 02:45:34 Start initialization of Socket...
INFO:2013-05-12 02:45:34 Bind success...
INFO:2013-05-12 02:45:34 Listen success...
INFO:2013-05-12 02:45:34 End of initialization...
INFO:2013-05-12 03:06:10 ===>Running Judge Core<===
INFO:2013-05-12 03:06:10 socketPort:5005, DataPath:data\, TempPath:OJ_TMP\
INFO:2013-05-12 03:06:10 Init MySQL Success...
INFO:2013-05-12 03:06:10 Start initialization of Socket...
INFO:2013-05-12 03:06:10 Bind success...
INFO:2013-05-12 03:06:10 Listen success...
INFO:2013-05-12 03:06:10 End of initialization...
INFO:2013-05-12 03:10:08 ===>Running Judge Core<===
INFO:2013-05-12 03:10:08 socketPort:5005, DataPath:data\, TempPath:OJ_TMP\
INFO:2013-05-12 03:10:08 Init MySQL Success...
INFO:2013-05-12 03:10:08 Start initialization of Socket...
INFO:2013-05-12 03:10:08 Bind success...
INFO:2013-05-12 03:10:08 Listen success...
INFO:2013-05-12 03:10:08 End of initialization...
INFO:2013-05-12 03:20:23 ===>Running Judge Core<===
INFO:2013-05-12 03:20:23 socketPort:5005, DataPath:data\, TempPath:OJ_TMP\
INFO:2013-05-12 03:20:23 Init MySQL Success...
INFO:2013-05-12 03:20:23 Start initialization of Socket...
INFO:2013-05-12 03:20:23 Bind success...
INFO:2013-05-12 03:20:23 Listen success...
INFO:2013-05-12 03:20:23 End of initialization...
INFO:2013-05-12 14:25:07 ===>Running Judge Core<===
INFO:2013-05-12 14:25:07 socketPort:5005, DataPath:data\, TempPath:OJ_TMP\
INFO:2013-05-12 14:25:09 Init MySQL Success...
INFO:2013-05-12 14:25:09 Start initialization of Socket...
INFO:2013-05-12 14:25:09 Bind success...
INFO:2013-05-12 14:25:09 Listen success...
INFO:2013-05-12 14:25:09 End of initialization...
INFO:2013-05-12 14:27:46 ===>Running Judge Core<===
INFO:2013-05-12 14:27:46 socketPort:5005, DataPath:data\, TempPath:OJ_TMP\
INFO:2013-05-12 14:27:47 Init MySQL Success...
INFO:2013-05-12 14:27:47 Start initialization of Socket...
INFO:2013-05-12 14:27:47 Bind success...
INFO:2013-05-12 14:27:47 Listen success...
INFO:2013-05-12 14:27:48 End of initialization...
